1634141603117	geckodriver	INFO	Listening on 127.0.0.1:52834
1634141603684	mozrunner::runner	INFO	Running command: "C:\\Program Files\\Mozilla Firefox\\firefox.exe" "--marionette" "-headless" "-no-remote" "-profile" "C:\\Users\\qwert\\AppData\\Local\\Temp\\rust_mozprofileX2OJAC"
*** You are running in headless mode.
1634141604098	Marionette	INFO	Marionette enabled
[GFX1-]: RenderCompositorSWGL failed mapping default framebuffer, no dt
console.warn: SearchSettings: "get: No settings file exists, new profile?" (new NotFoundError("Could not open the file at C:\\Users\\qwert\\AppData\\Local\\Temp\\rust_mozprofileX2OJAC\\search.json.mozlz4", (void 0)))
1634141605543	Marionette	INFO	Listening on port 52842
1634141605774	RemoteAgent	WARN	TLS certificate errors will be ignored for this session
IPDL protocol error: Handler returned error code!

###!!! [Parent][DispatchAsyncMessage] Error: PMessagePort::Msg_PostMessages Processing error: message was deserialized, but the handler returned false (indicating failure)

IPDL protocol error: Handler returned error code!

###!!! [Parent][DispatchAsyncMessage] Error: PMessagePort::Msg_PostMessages Processing error: message was deserialized, but the handler returned false (indicating failure)

A content process crashed and MOZ_CRASHREPORTER_SHUTDOWN is set, shutting down
1634141701919	Marionette	INFO	Stopped listening on port 52842
[Parent 9688, IPC I/O Parent] WARNING: file /builds/worker/checkouts/gecko/ipc/chromium/src/base/process_util_win.cc:167
JavaScript error: resource:///modules/Interactions.jsm, line 201: NS_ERROR_FAILURE: Component returned failure code: 0x80004005 (NS_ERROR_FAILURE) [nsIUserIdleService.removeIdleObserver]

###!!! [Parent][RunMessage] Error: Channel closing: too late to send/recv, messages will be lost

1634141805266	geckodriver	INFO	Listening on 127.0.0.1:50616
1634141805853	mozrunner::runner	INFO	Running command: "C:\\Program Files\\Mozilla Firefox\\firefox.exe" "--marionette" "-no-remote" "-profile" "C:\\Users\\qwert\\AppData\\Local\\Temp\\rust_mozprofileViGDsY"
1634141806217	Marionette	INFO	Marionette enabled
console.warn: SearchSettings: "get: No settings file exists, new profile?" (new NotFoundError("Could not open the file at C:\\Users\\qwert\\AppData\\Local\\Temp\\rust_mozprofileViGDsY\\search.json.mozlz4", (void 0)))
1634141808072	Marionette	INFO	Listening on port 50624
1634141808592	RemoteAgent	WARN	TLS certificate errors will be ignored for this session
1634141902712	Marionette	INFO	Stopped listening on port 50624
JavaScript error: resource:///modules/Interactions.jsm, line 201: NS_ERROR_FAILURE: Component returned failure code: 0x80004005 (NS_ERROR_FAILURE) [nsIUserIdleService.removeIdleObserver]
console.warn: TopSitesFeed: Failed to fetch data from Contile server: NetworkError when attempting to fetch resource.

###!!! [Child][MessageChannel] Error: (msgtype=0x590004,name=PHttpChannel::Msg_Cancel) Channel closing: too late to send/recv, messages will be lost


###!!! [Child][MessageChannel] Error: (msgtype=0x590008,name=PHttpChannel::Msg_DeletingChannel) Channel closing: too late to send/recv, messages will be lost


###!!! [Child][MessageChannel] Error: (msgtype=0x590004,name=PHttpChannel::Msg_Cancel) Channel closing: too late to send/recv, messages will be lost


###!!! [Child][MessageChannel] Error: (msgtype=0x590008,name=PHttpChannel::Msg_DeletingChannel) Channel closing: too late to send/recv, messages will be lost

1634142041322	geckodriver	INFO	Listening on 127.0.0.1:50891
1634142041930	mozrunner::runner	INFO	Running command: "C:\\Program Files\\Mozilla Firefox\\firefox.exe" "--marionette" "-no-remote" "-profile" "C:\\Users\\qwert\\AppData\\Local\\Temp\\rust_mozprofilehZypLV"
1634142042315	Marionette	INFO	Marionette enabled
console.warn: SearchSettings: "get: No settings file exists, new profile?" (new NotFoundError("Could not open the file at C:\\Users\\qwert\\AppData\\Local\\Temp\\rust_mozprofilehZypLV\\search.json.mozlz4", (void 0)))
1634142044436	Marionette	INFO	Listening on port 50899
1634142044649	RemoteAgent	WARN	TLS certificate errors will be ignored for this session
1634142083037	Marionette	INFO	Stopped listening on port 50899
JavaScript error: resource:///modules/Interactions.jsm, line 201: NS_ERROR_FAILURE: Component returned failure code: 0x80004005 (NS_ERROR_FAILURE) [nsIUserIdleService.removeIdleObserver]
console.warn: TopSitesFeed: Failed to fetch data from Contile server: NetworkError when attempting to fetch resource.
1634142442000	geckodriver	INFO	Listening on 127.0.0.1:59163
1634142442595	mozrunner::runner	INFO	Running command: "C:\\Program Files\\Mozilla Firefox\\firefox.exe" "--marionette" "-no-remote" "-profile" "C:\\Users\\qwert\\AppData\\Local\\Temp\\rust_mozprofilePhqLkx"
1634142442959	Marionette	INFO	Marionette enabled
console.warn: SearchSettings: "get: No settings file exists, new profile?" (new NotFoundError("Could not open the file at C:\\Users\\qwert\\AppData\\Local\\Temp\\rust_mozprofilePhqLkx\\search.json.mozlz4", (void 0)))
1634142445246	Marionette	INFO	Listening on port 59171
1634142445288	RemoteAgent	WARN	TLS certificate errors will be ignored for this session
1634142674348	Marionette	INFO	Stopped listening on port 59171
JavaScript error: resource:///modules/Interactions.jsm, line 201: NS_ERROR_FAILURE: Component returned failure code: 0x80004005 (NS_ERROR_FAILURE) [nsIUserIdleService.removeIdleObserver]
console.warn: TopSitesFeed: Failed to fetch data from Contile server: NetworkError when attempting to fetch resource.
exists, new profile?" (new NotFoundError("Could not open the file at C:\\Users\\qwert\\AppData\\Local\\Temp\\rust_mozprofile4JZopk\\search.json.mozlz4", (void 0)))
1634142529685	Marionette	INFO	Listening on port 59362
1634142529889	RemoteAgent	WARN	TLS certificate errors will be ignored for this session
IPDL protocol error: Handler returned error code!

###!!! [Parent][DispatchAsyncMessage] Error: PMessagePort::Msg_PostMessages Processing error: message was deserialized, but the handler returned false (indicating failure)

IPDL protocol error: Handler returned error code!

###!!! [Parent][DispatchAsyncMessage] Error: PMessagePort::Msg_PostMessages Processing error: message was deserialized, but the handler returned false (indicating failure)

1634142616540	Marionette	INFO	Stopped listening on port 59362
JavaScript error: resource:///modules/Interactions.jsm, line 201: NS_ERROR_FAILURE: Component returned failure code: 0x80004005 (NS_ERROR_FAILURE) [nsIUserIdleService.removeIdleObserver]
console.warn: TopSitesFeed: Failed to fetch data from Contile server: NetworkError when attempting to fetch resource.
1634142837556	geckodriver	INFO	Listening on 127.0.0.1:59612
1634142838148	mozrunner::runner	INFO	Running command: "C:\\Program Files\\Mozilla Firefox\\firefox.exe" "--marionette" "-no-remote" "-profile" "C:\\Users\\qwert\\AppData\\Local\\Temp\\rust_mozprofilevpFwKY"
1634142838996	Marionette	INFO	Marionette enabled
console.warn: SearchSettings: "get: No settings file exists, new profile?" (new NotFoundError("Could not open the file at C:\\Users\\qwert\\AppData\\Local\\Temp\\rust_mozprofilevpFwKY\\search.json.mozlz4", (void 0)))
1634142841380	Marionette	INFO	Listening on port 59620
1634142841884	RemoteAgent	WARN	TLS certificate errors will be ignored for this session
1634142883229	Marionette	INFO	Stopped listening on port 59620
JavaScript error: resource:///modules/Interactions.jsm, line 201: NS_ERROR_FAILURE: Component returned failure code: 0x80004005 (NS_ERROR_FAILURE) [nsIUserIdleService.removeIdleObserver]
console.warn: TopSitesFeed: Failed to fetch data from Contile server: NetworkError when attempting to fetch resource.
1634142940816	geckodriver	INFO	Listening on 127.0.0.1:59764
1634142940910	mozrunner::runner	INFO	Running command: "C:\\Program Files\\Mozilla Firefox\\firefox.exe" "--marionette" "-no-remote" "-profile" "C:\\Users\\qwert\\AppData\\Local\\Temp\\rust_mozprofileyVSTJN"
1634142941287	Marionette	INFO	Marionette enabled
console.warn: SearchSettings: "get: No settings file exists, new profile?" (new NotFoundError("Could not open the file at C:\\Users\\qwert\\AppData\\Local\\Temp\\rust_mozprofileyVSTJN\\search.json.mozlz4", (void 0)))
1634142943708	Marionette	INFO	Listening on port 59772
1634142944134	RemoteAgent	WARN	TLS certificate errors will be ignored for this session
1634142973224	Marionette	INFO	Stopped listening on port 59772
JavaScript error: resource:///modules/Interactions.jsm, line 201: NS_ERROR_FAILURE: Component returned failure code: 0x80004005 (NS_ERROR_FAILURE) [nsIUserIdleService.removeIdleObserver]
1634143017233	geckodriver	INFO	Listening on 127.0.0.1:59897
1634143017323	mozrunner::runner	INFO	Running command: "C:\\Program Files\\Mozilla Firefox\\firefox.exe" "--marionette" "-no-remote" "-profile" "C:\\Users\\qwert\\AppData\\Local\\Temp\\rust_mozprofileyDjTAf"
1634143017692	Marionette	INFO	Marionette enabled
console.warn: SearchSettings: "get: No settings file exists, new profile?" (new NotFoundError("Could not open the file at C:\\Users\\qwert\\AppData\\Local\\Temp\\rust_mozprofileyDjTAf\\search.json.mozlz4", (void 0)))
1634143019865	Marionette	INFO	Listening on port 59905
1634143020040	RemoteAgent	WARN	TLS certificate errors will be ignored for this session
IPDL protocol error: Handler returned error code!

###!!! [Parent][DispatchAsyncMessage] Error: PMessagePort::Msg_PostMessages Processing error: message was deserialized, but the handler returned false (indicating failure)

IPDL protocol error: Handler returned error code!

###!!! [Parent][DispatchAsyncMessage] Error: PMessagePort::Msg_PostMessages Processing error: message was deserialized, but the handler returned false (indicating failure)

Marionette threw an error: NotFoundError: WindowGlobalParent.getActor: No such JSWindowActor 'MarionetteCommands'
getMarionetteCommandsActorProxy/get/<@chrome://remote/content/marionette/actors/MarionetteCommandsParent.jsm:326:65
unregisterCommandsActor@chrome://remote/content/marionette/actors/MarionetteCommandsParent.jsm:390:15
GeckoDriver.prototype.deleteSession@chrome://remote/content/marionette/driver.js:2141:3
onClosed@chrome://remote/content/marionette/server.js:209:17
close@chrome://remote/content/marionette/transport.js:221:18
onInputStreamReady@chrome://remote/content/marionette/transport.js:375:14

JavaScript error: , line 0: NotFoundError: No such JSWindowActor 'MarionetteCommands'
1634143115221	Marionette	INFO	Stopped listening on port 59905
JavaScript error: resource:///modules/Interactions.jsm, line 201: NS_ERROR_FAILURE: Component returned failure code: 0x80004005 (NS_ERROR_FAILURE) [nsIUserIdleService.removeIdleObserver]
console.warn: TopSitesFeed: Failed to fetch data from Contile server: NetworkError when attempting to fetch resource.
[Parent 12092, IPC I/O Parent] WARNING: pipe error: 232: file /builds/worker/checkouts/gecko/ipc/chromium/src/chrome/common/ipc_channel_win.cc:544
z4", (void 0)))
1634143074111	Marionette	INFO	Listening on port 60017
1634143074406	RemoteAgent	WARN	TLS certificate errors will be ignored for this session
1634143106357	Marionette	INFO	Stopped listening on port 60017
JavaScript error: resource:///modules/Interactions.jsm, line 201: NS_ERROR_FAILURE: Component returned failure code: 0x80004005 (NS_ERROR_FAILURE) [nsIUserIdleService.removeIdleObserver]
console.warn: TopSitesFeed: Failed to fetch data from Contile server: NetworkError when attempting to fetch resource.
JavaScript error: chrome://remote/content/marionette/cert.js, line 55: NS_ERROR_NOT_AVAILABLE: Component returned failure code: 0x80040111 (NS_ERROR_NOT_AVAILABLE) [nsICertOverrideService.setDisableAllSecurityChecksAndLetAttackersInterceptMyData]
1634143436894	geckodriver	INFO	Listening on 127.0.0.1:60067
1634143439996	mozrunner::runner	INFO	Running command: "C:\\Program Files\\Mozilla Firefox\\firefox.exe" "--marionette" "-no-remote" "-profile" "C:\\Users\\qwert\\AppData\\Local\\Temp\\rust_mozprofilew88mDI"
1634143440374	Marionette	INFO	Marionette enabled
console.warn: SearchSettings: "get: No settings file exists, new profile?" (new NotFoundError("Could not open the file at C:\\Users\\qwert\\AppData\\Local\\Temp\\rust_mozprofilew88mDI\\search.json.mozlz4", (void 0)))
1634143442644	Marionette	INFO	Listening on port 60075
1634143442705	RemoteAgent	WARN	TLS certificate errors will be ignored for this session
1634143474147	Marionette	INFO	Stopped listening on port 60075
JavaScript error: resource:///modules/Interactions.jsm, line 201: NS_ERROR_FAILURE: Component returned failure code: 0x80004005 (NS_ERROR_FAILURE) [nsIUserIdleService.removeIdleObserver]
console.warn: TopSitesFeed: Failed to fetch data from Contile server: NetworkError when attempting to fetch resource.
1634143602850	geckodriver	INFO	Listening on 127.0.0.1:64093
1634143605920	mozrunner::runner	INFO	Running command: "C:\\Program Files\\Mozilla Firefox\\firefox.exe" "--marionette" "-no-remote" "-profile" "C:\\Users\\qwert\\AppData\\Local\\Temp\\rust_mozprofile3rjeCg"
1634143606257	Marionette	INFO	Marionette enabled
console.warn: SearchSettings: "get: No settings file exists, new profile?" (new NotFoundError("Could not open the file at C:\\Users\\qwert\\AppData\\Local\\Temp\\rust_mozprofile3rjeCg\\search.json.mozlz4", (void 0)))
1634143608303	Marionette	INFO	Listening on port 64101
1634143608617	RemoteAgent	WARN	TLS certificate errors will be ignored for this session
1634143780851	Marionette	INFO	Stopped listening on port 64101
JavaScript error: resource:///modules/Interactions.jsm, line 201: NS_ERROR_FAILURE: Component returned failure code: 0x80004005 (NS_ERROR_FAILURE) [nsIUserIdleService.removeIdleObserver]
